/var/spool/slurmd/job1953622/slurm_script: line 6: $'#SBATCH --mem=250G\n#SBATCH --gres=gpu:1\n': command not found
Command terminated by signal 9
	Command being timed: "python train_emorynlp.py --active-listener --class-weight --residual --classify sentiment"
	User time (seconds): 2.81
	System time (seconds): 1.41
	Percent of CPU this job got: 19%
	Elapsed (wall clock) time (h:mm:ss or m:ss): 0:21.89
	Average shared text size (kbytes): 0
	Average unshared data size (kbytes): 0
	Average stack size (kbytes): 0
	Average total size (kbytes): 0
	Maximum resident set size (kbytes): 498260
	Average resident set size (kbytes): 0
	Major (requiring I/O) page faults: 14289
	Minor (reclaiming a frame) page faults: 146140
	Voluntary context switches: 27501
	Involuntary context switches: 1540
	Swaps: 0
	File system inputs: 832824
	File system outputs: 0
	Socket messages sent: 0
	Socket messages received: 0
	Signals delivered: 0
	Page size (bytes): 4096
	Exit status: 0
slurmstepd: error: Detected 1 oom_kill event in StepId=1953622.batch. Some of the step tasks have been OOM Killed.
